<?xml version="1.0" encoding="UTF-8"?>
<!-- Generated by org.testng.reporters.JUnitXMLReporter -->
<testsuite hostname="QSP-020" ignored="0" name="Test" tests="1" failures="1" timestamp="30 Apr 2018 10:57:37 GMT" time="4.068" errors="0">
  <testcase name="verifyproduct" time="4.045" classname="com.puma.test.Verify_Product_added_to_cart">
    <failure type="java.lang.NullPointerException">
      <![CDATA[java.lang.NullPointerException
	at com.google.common.base.Preconditions.checkNotNull(Preconditions.java:787)
	at org.openqa.selenium.interactions.Actions.<init>(Actions.java:68)
	at Generic.Utility.action(Utility.java:17)
	at com.puma.page.LoginPage.menclick(LoginPage.java:40)
	at com.puma.test.Verify_Product_added_to_cart.verifyproduct(Verify_Product_added_to_cart.java:24)
... Removed 25 stack frames]]>
    </failure>
  </testcase> <!-- verifyproduct -->
</testsuite> <!-- Test -->
